<?xml version="1.0" encoding="UTF-8" ?>
<testsuite tests="72" failures="0" name="ru.sfedu.hospital2.lab3.TablePerClass.HibernateDataProviderTest" time="30.633" errors="0" skipped="0">
  <properties>
[...]
</properties>
  <testcase classname="ru.sfedu.hospital2.lab3.TablePerClass.HibernateDataProviderTest" name="testUpdateHospitalization" time="1.354"/>
  <testcase classname="ru.sfedu.hospital2.lab3.TablePerClass.HibernateDataProviderTest" name="testDeleteEmployee" time="0.078"/>
  <testcase classname="ru.sfedu.hospital2.lab3.TablePerClass.HibernateDataProviderTest" name="testGetDiagnosis" time="0.75"/>
  <testcase classname="ru.sfedu.hospital2.lab3.TablePerClass.HibernateDataProviderTest" name="testUpdateDiagnosis" time="0.238"/>
  <testcase classname="ru.sfedu.hospital2.lab3.TablePerClass.HibernateDataProviderTest" name="testUpdateHospitalizationFail" time="1.093"/>
  <testcase classname="ru.sfedu.hospital2.lab3.TablePerClass.HibernateDataProviderTest" name="testGetMedicalInsuranceFail" time="0.157"/>
  <testcase classname="ru.sfedu.hospital2.lab3.TablePerClass.HibernateDataProviderTest" name="testDeleteMedicalInsurance" time="1.107"/>
  <testcase classname="ru.sfedu.hospital2.lab3.TablePerClass.HibernateDataProviderTest" name="testUpdateMedicalInsuranceFail" time="0"/>
  <testcase classname="ru.sfedu.hospital2.lab3.TablePerClass.HibernateDataProviderTest" name="testUpdateMedicalInsurance" time="0.11"/>
  <testcase classname="ru.sfedu.hospital2.lab3.TablePerClass.HibernateDataProviderTest" name="testCreateSurvey" time="0.14"/>
  <testcase classname="ru.sfedu.hospital2.lab3.TablePerClass.HibernateDataProviderTest" name="testDeleteAppointmentFail" time="0.847"/>
  <testcase classname="ru.sfedu.hospital2.lab3.TablePerClass.HibernateDataProviderTest" name="testCreateHospitalFail" time="0"/>
  <testcase classname="ru.sfedu.hospital2.lab3.TablePerClass.HibernateDataProviderTest" name="testGetEmployee" time="0"/>
  <testcase classname="ru.sfedu.hospital2.lab3.TablePerClass.HibernateDataProviderTest" name="testDeletePatientFail" time="0.015"/>
  <testcase classname="ru.sfedu.hospital2.lab3.TablePerClass.HibernateDataProviderTest" name="testCreateAppointmentFail" time="0.031"/>
  <testcase classname="ru.sfedu.hospital2.lab3.TablePerClass.HibernateDataProviderTest" name="testCreateEmployeeFail" time="0"/>
  <testcase classname="ru.sfedu.hospital2.lab3.TablePerClass.HibernateDataProviderTest" name="testGetPatientFail" time="0"/>
  <testcase classname="ru.sfedu.hospital2.lab3.TablePerClass.HibernateDataProviderTest" name="testGetHospitalization" time="0.327"/>
  <testcase classname="ru.sfedu.hospital2.lab3.TablePerClass.HibernateDataProviderTest" name="testGetMedicalInsurance" time="0.625"/>
  <testcase classname="ru.sfedu.hospital2.lab3.TablePerClass.HibernateDataProviderTest" name="testGetDiagnosisFail" time="0.717"/>
  <testcase classname="ru.sfedu.hospital2.lab3.TablePerClass.HibernateDataProviderTest" name="testCreatePatientFail" time="0"/>
  <testcase classname="ru.sfedu.hospital2.lab3.TablePerClass.HibernateDataProviderTest" name="testCreatePatient" time="0.016"/>
  <testcase classname="ru.sfedu.hospital2.lab3.TablePerClass.HibernateDataProviderTest" name="testCreatePayment" time="0.125"/>
  <testcase classname="ru.sfedu.hospital2.lab3.TablePerClass.HibernateDataProviderTest" name="testDeleteDiagnosisFail" time="0.063"/>
  <testcase classname="ru.sfedu.hospital2.lab3.TablePerClass.HibernateDataProviderTest" name="testDeleteMedicalInsuranceFail" time="1.033"/>
  <testcase classname="ru.sfedu.hospital2.lab3.TablePerClass.HibernateDataProviderTest" name="testUpdateHospital" time="0"/>
  <testcase classname="ru.sfedu.hospital2.lab3.TablePerClass.HibernateDataProviderTest" name="testDeleteHospitalFail" time="0"/>
  <testcase classname="ru.sfedu.hospital2.lab3.TablePerClass.HibernateDataProviderTest" name="testUpdatePaymentFail" time="0.015"/>
  <testcase classname="ru.sfedu.hospital2.lab3.TablePerClass.HibernateDataProviderTest" name="testCreateHospital" time="0"/>
  <testcase classname="ru.sfedu.hospital2.lab3.TablePerClass.HibernateDataProviderTest" name="testUpdateDiagnosisFail" time="0.016"/>
  <testcase classname="ru.sfedu.hospital2.lab3.TablePerClass.HibernateDataProviderTest" name="testUpdateAppointment" time="0.203"/>
  <testcase classname="ru.sfedu.hospital2.lab3.TablePerClass.HibernateDataProviderTest" name="testGetHospitalFail" time="0.031"/>
  <testcase classname="ru.sfedu.hospital2.lab3.TablePerClass.HibernateDataProviderTest" name="testUpdateAppointmentFail" time="0.404"/>
  <testcase classname="ru.sfedu.hospital2.lab3.TablePerClass.HibernateDataProviderTest" name="testGetPatient" time="0.11"/>
  <testcase classname="ru.sfedu.hospital2.lab3.TablePerClass.HibernateDataProviderTest" name="testGetPayment" time="1.095"/>
  <testcase classname="ru.sfedu.hospital2.lab3.TablePerClass.HibernateDataProviderTest" name="testCreateDiagnosis" time="0.922"/>
  <testcase classname="ru.sfedu.hospital2.lab3.TablePerClass.HibernateDataProviderTest" name="testDeleteEmployeeFail" time="0.016"/>
  <testcase classname="ru.sfedu.hospital2.lab3.TablePerClass.HibernateDataProviderTest" name="testUpdatePatient" time="0.015"/>
  <testcase classname="ru.sfedu.hospital2.lab3.TablePerClass.HibernateDataProviderTest" name="testUpdatePayment" time="1.16"/>
  <testcase classname="ru.sfedu.hospital2.lab3.TablePerClass.HibernateDataProviderTest" name="testUpdateHospitalFail" time="0"/>
  <testcase classname="ru.sfedu.hospital2.lab3.TablePerClass.HibernateDataProviderTest" name="testGetEmployeeFail" time="0.016"/>
  <testcase classname="ru.sfedu.hospital2.lab3.TablePerClass.HibernateDataProviderTest" name="testUpdateEmployeeFail" time="0.047"/>
  <testcase classname="ru.sfedu.hospital2.lab3.TablePerClass.HibernateDataProviderTest" name="testUpdateSurvey" time="0.933"/>
  <testcase classname="ru.sfedu.hospital2.lab3.TablePerClass.HibernateDataProviderTest" name="testCreateSurveyFail" time="0.031"/>
  <testcase classname="ru.sfedu.hospital2.lab3.TablePerClass.HibernateDataProviderTest" name="testDeleteSurvey" time="0.079"/>
  <testcase classname="ru.sfedu.hospital2.lab3.TablePerClass.HibernateDataProviderTest" name="testGetHospitalizationFail" time="0.015"/>
  <testcase classname="ru.sfedu.hospital2.lab3.TablePerClass.HibernateDataProviderTest" name="testGetAppointmentFail" time="0.219"/>
  <testcase classname="ru.sfedu.hospital2.lab3.TablePerClass.HibernateDataProviderTest" name="testCreateMedicalInsurance" time="2.019"/>
  <testcase classname="ru.sfedu.hospital2.lab3.TablePerClass.HibernateDataProviderTest" name="testDeletePaymentFail" time="0.957"/>
  <testcase classname="ru.sfedu.hospital2.lab3.TablePerClass.HibernateDataProviderTest" name="testDeleteAppointment" time="0.197"/>
  <testcase classname="ru.sfedu.hospital2.lab3.TablePerClass.HibernateDataProviderTest" name="testDeleteHospital" time="0.062"/>
  <testcase classname="ru.sfedu.hospital2.lab3.TablePerClass.HibernateDataProviderTest" name="testUpdateEmployee" time="0.094"/>
  <testcase classname="ru.sfedu.hospital2.lab3.TablePerClass.HibernateDataProviderTest" name="testGetPaymentFail" time="1.232"/>
  <testcase classname="ru.sfedu.hospital2.lab3.TablePerClass.HibernateDataProviderTest" name="testCreateEmployee" time="0"/>
  <testcase classname="ru.sfedu.hospital2.lab3.TablePerClass.HibernateDataProviderTest" name="testDeletePatient" time="0.032"/>
  <testcase classname="ru.sfedu.hospital2.lab3.TablePerClass.HibernateDataProviderTest" name="testDeletePayment" time="0.453"/>
  <testcase classname="ru.sfedu.hospital2.lab3.TablePerClass.HibernateDataProviderTest" name="testGetSurveyFail" time="0.592"/>
  <testcase classname="ru.sfedu.hospital2.lab3.TablePerClass.HibernateDataProviderTest" name="testGetAppointment" time="0.593"/>
  <testcase classname="ru.sfedu.hospital2.lab3.TablePerClass.HibernateDataProviderTest" name="testDeleteHospitalization" time="0.929"/>
  <testcase classname="ru.sfedu.hospital2.lab3.TablePerClass.HibernateDataProviderTest" name="testCreateHospitalization" time="1.316"/>
  <testcase classname="ru.sfedu.hospital2.lab3.TablePerClass.HibernateDataProviderTest" name="testDeleteSurveyFail" time="0.74"/>
  <testcase classname="ru.sfedu.hospital2.lab3.TablePerClass.HibernateDataProviderTest" name="testCreateDiagnosisFail" time="0.344"/>
  <testcase classname="ru.sfedu.hospital2.lab3.TablePerClass.HibernateDataProviderTest" name="testGetHospital" time="0.062"/>
  <testcase classname="ru.sfedu.hospital2.lab3.TablePerClass.HibernateDataProviderTest" name="testCreatePaymentFail" time="0.719"/>
  <testcase classname="ru.sfedu.hospital2.lab3.TablePerClass.HibernateDataProviderTest" name="testUpdateSurveyFail" time="0.437"/>
  <testcase classname="ru.sfedu.hospital2.lab3.TablePerClass.HibernateDataProviderTest" name="testCreateAppointment" time="0.623"/>
  <testcase classname="ru.sfedu.hospital2.lab3.TablePerClass.HibernateDataProviderTest" name="testUpdatePatientFail" time="0.047"/>
  <testcase classname="ru.sfedu.hospital2.lab3.TablePerClass.HibernateDataProviderTest" name="testDeleteHospitalizationFail" time="1.49"/>
  <testcase classname="ru.sfedu.hospital2.lab3.TablePerClass.HibernateDataProviderTest" name="testGetSurvey" time="0.323"/>
  <testcase classname="ru.sfedu.hospital2.lab3.TablePerClass.HibernateDataProviderTest" name="testDeleteDiagnosis" time="1.22"/>
  <testcase classname="ru.sfedu.hospital2.lab3.TablePerClass.HibernateDataProviderTest" name="testCreateMedicalInsuranceFail" time="0.921"/>
  <testcase classname="ru.sfedu.hospital2.lab3.TablePerClass.HibernateDataProviderTest" name="testCreateHospitalizationFail" time="1.078"/>
</testsuite>