<?xml version="1.0" encoding="UTF-8" ?>
<testsuite tests="81" failures="0" name="ru.sfedu.hospital2.lab5.ProvidersTest" time="14.122" errors="0" skipped="0">
  <properties>
[...]
</properties>
  <testcase classname="ru.sfedu.hospital2.lab5.ProvidersTest" name="criteriaTest" time="2.98"/>
  <testcase classname="ru.sfedu.hospital2.lab5.ProvidersTest" name="nativeSQLTest" time="1.41"/>
  <testcase classname="ru.sfedu.hospital2.lab5.ProvidersTest" name="hqlTest" time="0.01"/>
  <testcase classname="ru.sfedu.hospital2.lab5.ProvidersTest" name="testUpdateHospitalization" time="0.14"/>
  <testcase classname="ru.sfedu.hospital2.lab5.ProvidersTest" name="testDeleteEmployee" time="0.025"/>
  <testcase classname="ru.sfedu.hospital2.lab5.ProvidersTest" name="testGetDiagnosis" time="0.6"/>
  <testcase classname="ru.sfedu.hospital2.lab5.ProvidersTest" name="testUpdateDiagnosis" time="0.015"/>
  <testcase classname="ru.sfedu.hospital2.lab5.ProvidersTest" name="testUpdateHospitalizationFail" time="0.095"/>
  <testcase classname="ru.sfedu.hospital2.lab5.ProvidersTest" name="testGetMedicalInsuranceFail" time="0.012"/>
  <testcase classname="ru.sfedu.hospital2.lab5.ProvidersTest" name="testDeleteMedicalInsurance" time="0.031"/>
  <testcase classname="ru.sfedu.hospital2.lab5.ProvidersTest" name="testUpdateMedicalInsuranceFail" time="0.042"/>
  <testcase classname="ru.sfedu.hospital2.lab5.ProvidersTest" name="testUpdateMedicalInsurance" time="0.19"/>
  <testcase classname="ru.sfedu.hospital2.lab5.ProvidersTest" name="testDeleteAppointmentFail" time="0.135"/>
  <testcase classname="ru.sfedu.hospital2.lab5.ProvidersTest" name="testGetEmployee" time="0.035"/>
  <testcase classname="ru.sfedu.hospital2.lab5.ProvidersTest" name="testDeletePatientFail" time="0.11"/>
  <testcase classname="ru.sfedu.hospital2.lab5.ProvidersTest" name="testInsertSurveyFail" time="0.084"/>
  <testcase classname="ru.sfedu.hospital2.lab5.ProvidersTest" name="testGetPatientFail" time="0.019"/>
  <testcase classname="ru.sfedu.hospital2.lab5.ProvidersTest" name="testInsertPaymentFail" time="0.137"/>
  <testcase classname="ru.sfedu.hospital2.lab5.ProvidersTest" name="testInsertAppointment" time="0.075"/>
  <testcase classname="ru.sfedu.hospital2.lab5.ProvidersTest" name="testGetHospitalization" time="0.663"/>
  <testcase classname="ru.sfedu.hospital2.lab5.ProvidersTest" name="testGetMedicalInsurance" time="0.047"/>
  <testcase classname="ru.sfedu.hospital2.lab5.ProvidersTest" name="testGetDiagnosisFail" time="0.007"/>
  <testcase classname="ru.sfedu.hospital2.lab5.ProvidersTest" name="testInsertDiagnosis" time="0"/>
  <testcase classname="ru.sfedu.hospital2.lab5.ProvidersTest" name="testDeleteDiagnosisFail" time="0.04"/>
  <testcase classname="ru.sfedu.hospital2.lab5.ProvidersTest" name="testDeleteMedicalInsuranceFail" time="0.035"/>
  <testcase classname="ru.sfedu.hospital2.lab5.ProvidersTest" name="testInsertHospitalization" time="0.971"/>
  <testcase classname="ru.sfedu.hospital2.lab5.ProvidersTest" name="testUpdateHospital" time="0.001"/>
  <testcase classname="ru.sfedu.hospital2.lab5.ProvidersTest" name="testDeleteHospitalFail" time="0.008"/>
  <testcase classname="ru.sfedu.hospital2.lab5.ProvidersTest" name="testUpdatePaymentFail" time="0.035"/>
  <testcase classname="ru.sfedu.hospital2.lab5.ProvidersTest" name="testUpdateDiagnosisFail" time="0.036"/>
  <testcase classname="ru.sfedu.hospital2.lab5.ProvidersTest" name="testUpdateAppointment" time="0.015"/>
  <testcase classname="ru.sfedu.hospital2.lab5.ProvidersTest" name="testGetHospitalFail" time="0"/>
  <testcase classname="ru.sfedu.hospital2.lab5.ProvidersTest" name="testUpdateAppointmentFail" time="0.032"/>
  <testcase classname="ru.sfedu.hospital2.lab5.ProvidersTest" name="testGetPatient" time="0"/>
  <testcase classname="ru.sfedu.hospital2.lab5.ProvidersTest" name="testGetPayment" time="0.037"/>
  <testcase classname="ru.sfedu.hospital2.lab5.ProvidersTest" name="testInsertHospitalFail" time="0"/>
  <testcase classname="ru.sfedu.hospital2.lab5.ProvidersTest" name="testDeleteEmployeeFail" time="0.047"/>
  <testcase classname="ru.sfedu.hospital2.lab5.ProvidersTest" name="testUpdatePatient" time="0"/>
  <testcase classname="ru.sfedu.hospital2.lab5.ProvidersTest" name="testUpdatePayment" time="0.04"/>
  <testcase classname="ru.sfedu.hospital2.lab5.ProvidersTest" name="testUpdateHospitalFail" time="0.051"/>
  <testcase classname="ru.sfedu.hospital2.lab5.ProvidersTest" name="testGetEmployeeFail" time="0.028"/>
  <testcase classname="ru.sfedu.hospital2.lab5.ProvidersTest" name="testInsertHospital" time="0.053"/>
  <testcase classname="ru.sfedu.hospital2.lab5.ProvidersTest" name="testInsertEmployeeFail" time="0.03"/>
  <testcase classname="ru.sfedu.hospital2.lab5.ProvidersTest" name="testUpdateEmployeeFail" time="0.071"/>
  <testcase classname="ru.sfedu.hospital2.lab5.ProvidersTest" name="cascadeDeleteOneToOneForeignKey" time="0.723"/>
  <testcase classname="ru.sfedu.hospital2.lab5.ProvidersTest" name="cascadeDeleteOneToManyManyToOne" time="0.094"/>
  <testcase classname="ru.sfedu.hospital2.lab5.ProvidersTest" name="Notes" time="0.007"/>
  <testcase classname="ru.sfedu.hospital2.lab5.ProvidersTest" name="testUpdateSurvey" time="0"/>
  <testcase classname="ru.sfedu.hospital2.lab5.ProvidersTest" name="testDeleteSurvey" time="0.015"/>
  <testcase classname="ru.sfedu.hospital2.lab5.ProvidersTest" name="testGetHospitalizationFail" time="0.016"/>
  <testcase classname="ru.sfedu.hospital2.lab5.ProvidersTest" name="testInsertMedicalInsuranceFail" time="0.031"/>
  <testcase classname="ru.sfedu.hospital2.lab5.ProvidersTest" name="cascadeDeleteOneToOnePrimaryKeyJoinColumn" time="0.617"/>
  <testcase classname="ru.sfedu.hospital2.lab5.ProvidersTest" name="testGetAppointmentFail" time="0.022"/>
  <testcase classname="ru.sfedu.hospital2.lab5.ProvidersTest" name="testDeletePaymentFail" time="0.163"/>
  <testcase classname="ru.sfedu.hospital2.lab5.ProvidersTest" name="testInsertPatient" time="0.031"/>
  <testcase classname="ru.sfedu.hospital2.lab5.ProvidersTest" name="testInsertPayment" time="0.169"/>
  <testcase classname="ru.sfedu.hospital2.lab5.ProvidersTest" name="testDeleteAppointment" time="0.539"/>
  <testcase classname="ru.sfedu.hospital2.lab5.ProvidersTest" name="testInsertMedicalInsurance" time="0.016"/>
  <testcase classname="ru.sfedu.hospital2.lab5.ProvidersTest" name="testDeleteHospital" time="0.015"/>
  <testcase classname="ru.sfedu.hospital2.lab5.ProvidersTest" name="testInsertPatientFail" time="0"/>
  <testcase classname="ru.sfedu.hospital2.lab5.ProvidersTest" name="testUpdateEmployee" time="0"/>
  <testcase classname="ru.sfedu.hospital2.lab5.ProvidersTest" name="testInsertAppointmentFail" time="0.016"/>
  <testcase classname="ru.sfedu.hospital2.lab5.ProvidersTest" name="testGetPaymentFail" time="0.016"/>
  <testcase classname="ru.sfedu.hospital2.lab5.ProvidersTest" name="testDeletePatient" time="0.005"/>
  <testcase classname="ru.sfedu.hospital2.lab5.ProvidersTest" name="testDeletePayment" time="0.029"/>
  <testcase classname="ru.sfedu.hospital2.lab5.ProvidersTest" name="testGetSurveyFail" time="0.008"/>
  <testcase classname="ru.sfedu.hospital2.lab5.ProvidersTest" name="testGetAppointment" time="0.027"/>
  <testcase classname="ru.sfedu.hospital2.lab5.ProvidersTest" name="testDeleteHospitalization" time="0.116"/>
  <testcase classname="ru.sfedu.hospital2.lab5.ProvidersTest" name="testDeleteSurveyFail" time="0.015"/>
  <testcase classname="ru.sfedu.hospital2.lab5.ProvidersTest" name="testGetHospital" time="0.032"/>
  <testcase classname="ru.sfedu.hospital2.lab5.ProvidersTest" name="testInsertHospitalizationFail" time="0.885"/>
  <testcase classname="ru.sfedu.hospital2.lab5.ProvidersTest" name="testInsertEmployee" time="0"/>
  <testcase classname="ru.sfedu.hospital2.lab5.ProvidersTest" name="testUpdateSurveyFail" time="0.016"/>
  <testcase classname="ru.sfedu.hospital2.lab5.ProvidersTest" name="cascadeDeleteManyToMany" time="0.453"/>
  <testcase classname="ru.sfedu.hospital2.lab5.ProvidersTest" name="testUpdatePatientFail" time="0.047"/>
  <testcase classname="ru.sfedu.hospital2.lab5.ProvidersTest" name="testDeleteHospitalizationFail" time="0.581"/>
  <testcase classname="ru.sfedu.hospital2.lab5.ProvidersTest" name="testGetSurvey" time="0.016"/>
  <testcase classname="ru.sfedu.hospital2.lab5.ProvidersTest" name="cascadeDeleteOneToOneGeneratedKey" time="0.963"/>
  <testcase classname="ru.sfedu.hospital2.lab5.ProvidersTest" name="testInsertSurvey" time="0.016"/>
  <testcase classname="ru.sfedu.hospital2.lab5.ProvidersTest" name="testDeleteDiagnosis" time="0.016"/>
  <testcase classname="ru.sfedu.hospital2.lab5.ProvidersTest" name="testInsertDiagnosisFail" time="0.015"/>
</testsuite>