<?xml version="1.0" encoding="UTF-8" ?>
<testsuite tests="72" failures="0" name="ru.sfedu.hospital2.lab3.MappedSuperClass.HibernateDataProviderTest" time="23.491" errors="0" skipped="0">
  <properties>
[...]
</properties>
  <testcase classname="ru.sfedu.hospital2.lab3.MappedSuperClass.HibernateDataProviderTest" name="testUpdateHospitalization" time="1.045"/>
  <testcase classname="ru.sfedu.hospital2.lab3.MappedSuperClass.HibernateDataProviderTest" name="testDeleteEmployee" time="0.063"/>
  <testcase classname="ru.sfedu.hospital2.lab3.MappedSuperClass.HibernateDataProviderTest" name="testGetDiagnosis" time="0.562"/>
  <testcase classname="ru.sfedu.hospital2.lab3.MappedSuperClass.HibernateDataProviderTest" name="testUpdateDiagnosis" time="0.722"/>
  <testcase classname="ru.sfedu.hospital2.lab3.MappedSuperClass.HibernateDataProviderTest" name="testUpdateHospitalizationFail" time="0.669"/>
  <testcase classname="ru.sfedu.hospital2.lab3.MappedSuperClass.HibernateDataProviderTest" name="testGetMedicalInsuranceFail" time="0.109"/>
  <testcase classname="ru.sfedu.hospital2.lab3.MappedSuperClass.HibernateDataProviderTest" name="testDeleteMedicalInsurance" time="0.157"/>
  <testcase classname="ru.sfedu.hospital2.lab3.MappedSuperClass.HibernateDataProviderTest" name="testUpdateMedicalInsuranceFail" time="0.093"/>
  <testcase classname="ru.sfedu.hospital2.lab3.MappedSuperClass.HibernateDataProviderTest" name="testUpdateMedicalInsurance" time="0.656"/>
  <testcase classname="ru.sfedu.hospital2.lab3.MappedSuperClass.HibernateDataProviderTest" name="testCreateSurvey" time="0.031"/>
  <testcase classname="ru.sfedu.hospital2.lab3.MappedSuperClass.HibernateDataProviderTest" name="testDeleteAppointmentFail" time="0.11"/>
  <testcase classname="ru.sfedu.hospital2.lab3.MappedSuperClass.HibernateDataProviderTest" name="testCreateHospitalFail" time="0.015"/>
  <testcase classname="ru.sfedu.hospital2.lab3.MappedSuperClass.HibernateDataProviderTest" name="testGetEmployee" time="0.047"/>
  <testcase classname="ru.sfedu.hospital2.lab3.MappedSuperClass.HibernateDataProviderTest" name="testDeletePatientFail" time="0.516"/>
  <testcase classname="ru.sfedu.hospital2.lab3.MappedSuperClass.HibernateDataProviderTest" name="testCreateAppointmentFail" time="0.015"/>
  <testcase classname="ru.sfedu.hospital2.lab3.MappedSuperClass.HibernateDataProviderTest" name="testCreateEmployeeFail" time="0"/>
  <testcase classname="ru.sfedu.hospital2.lab3.MappedSuperClass.HibernateDataProviderTest" name="testGetPatientFail" time="0.016"/>
  <testcase classname="ru.sfedu.hospital2.lab3.MappedSuperClass.HibernateDataProviderTest" name="testGetHospitalization" time="0.141"/>
  <testcase classname="ru.sfedu.hospital2.lab3.MappedSuperClass.HibernateDataProviderTest" name="testGetMedicalInsurance" time="1.031"/>
  <testcase classname="ru.sfedu.hospital2.lab3.MappedSuperClass.HibernateDataProviderTest" name="testGetDiagnosisFail" time="0.156"/>
  <testcase classname="ru.sfedu.hospital2.lab3.MappedSuperClass.HibernateDataProviderTest" name="testCreatePatientFail" time="0.016"/>
  <testcase classname="ru.sfedu.hospital2.lab3.MappedSuperClass.HibernateDataProviderTest" name="testCreatePatient" time="0"/>
  <testcase classname="ru.sfedu.hospital2.lab3.MappedSuperClass.HibernateDataProviderTest" name="testCreatePayment" time="0.578"/>
  <testcase classname="ru.sfedu.hospital2.lab3.MappedSuperClass.HibernateDataProviderTest" name="testDeleteDiagnosisFail" time="0.531"/>
  <testcase classname="ru.sfedu.hospital2.lab3.MappedSuperClass.HibernateDataProviderTest" name="testDeleteMedicalInsuranceFail" time="0.5"/>
  <testcase classname="ru.sfedu.hospital2.lab3.MappedSuperClass.HibernateDataProviderTest" name="testUpdateHospital" time="0.031"/>
  <testcase classname="ru.sfedu.hospital2.lab3.MappedSuperClass.HibernateDataProviderTest" name="testDeleteHospitalFail" time="0.016"/>
  <testcase classname="ru.sfedu.hospital2.lab3.MappedSuperClass.HibernateDataProviderTest" name="testUpdatePaymentFail" time="0.016"/>
  <testcase classname="ru.sfedu.hospital2.lab3.MappedSuperClass.HibernateDataProviderTest" name="testCreateHospital" time="0.015"/>
  <testcase classname="ru.sfedu.hospital2.lab3.MappedSuperClass.HibernateDataProviderTest" name="testUpdateDiagnosisFail" time="0.047"/>
  <testcase classname="ru.sfedu.hospital2.lab3.MappedSuperClass.HibernateDataProviderTest" name="testUpdateAppointment" time="0.832"/>
  <testcase classname="ru.sfedu.hospital2.lab3.MappedSuperClass.HibernateDataProviderTest" name="testGetHospitalFail" time="0"/>
  <testcase classname="ru.sfedu.hospital2.lab3.MappedSuperClass.HibernateDataProviderTest" name="testUpdateAppointmentFail" time="0.063"/>
  <testcase classname="ru.sfedu.hospital2.lab3.MappedSuperClass.HibernateDataProviderTest" name="testGetPatient" time="0"/>
  <testcase classname="ru.sfedu.hospital2.lab3.MappedSuperClass.HibernateDataProviderTest" name="testGetPayment" time="0.769"/>
  <testcase classname="ru.sfedu.hospital2.lab3.MappedSuperClass.HibernateDataProviderTest" name="testCreateDiagnosis" time="0.125"/>
  <testcase classname="ru.sfedu.hospital2.lab3.MappedSuperClass.HibernateDataProviderTest" name="testDeleteEmployeeFail" time="0.016"/>
  <testcase classname="ru.sfedu.hospital2.lab3.MappedSuperClass.HibernateDataProviderTest" name="testUpdatePatient" time="0"/>
  <testcase classname="ru.sfedu.hospital2.lab3.MappedSuperClass.HibernateDataProviderTest" name="testUpdatePayment" time="1.132"/>
  <testcase classname="ru.sfedu.hospital2.lab3.MappedSuperClass.HibernateDataProviderTest" name="testUpdateHospitalFail" time="0.016"/>
  <testcase classname="ru.sfedu.hospital2.lab3.MappedSuperClass.HibernateDataProviderTest" name="testGetEmployeeFail" time="0.015"/>
  <testcase classname="ru.sfedu.hospital2.lab3.MappedSuperClass.HibernateDataProviderTest" name="testUpdateEmployeeFail" time="0.016"/>
  <testcase classname="ru.sfedu.hospital2.lab3.MappedSuperClass.HibernateDataProviderTest" name="testUpdateSurvey" time="0.078"/>
  <testcase classname="ru.sfedu.hospital2.lab3.MappedSuperClass.HibernateDataProviderTest" name="testCreateSurveyFail" time="0.696"/>
  <testcase classname="ru.sfedu.hospital2.lab3.MappedSuperClass.HibernateDataProviderTest" name="testDeleteSurvey" time="0.08"/>
  <testcase classname="ru.sfedu.hospital2.lab3.MappedSuperClass.HibernateDataProviderTest" name="testGetHospitalizationFail" time="0.014"/>
  <testcase classname="ru.sfedu.hospital2.lab3.MappedSuperClass.HibernateDataProviderTest" name="testGetAppointmentFail" time="0.121"/>
  <testcase classname="ru.sfedu.hospital2.lab3.MappedSuperClass.HibernateDataProviderTest" name="testCreateMedicalInsurance" time="1.196"/>
  <testcase classname="ru.sfedu.hospital2.lab3.MappedSuperClass.HibernateDataProviderTest" name="testDeletePaymentFail" time="0.219"/>
  <testcase classname="ru.sfedu.hospital2.lab3.MappedSuperClass.HibernateDataProviderTest" name="testDeleteAppointment" time="0.47"/>
  <testcase classname="ru.sfedu.hospital2.lab3.MappedSuperClass.HibernateDataProviderTest" name="testDeleteHospital" time="0.059"/>
  <testcase classname="ru.sfedu.hospital2.lab3.MappedSuperClass.HibernateDataProviderTest" name="testUpdateEmployee" time="0.531"/>
  <testcase classname="ru.sfedu.hospital2.lab3.MappedSuperClass.HibernateDataProviderTest" name="testGetPaymentFail" time="0.141"/>
  <testcase classname="ru.sfedu.hospital2.lab3.MappedSuperClass.HibernateDataProviderTest" name="testCreateEmployee" time="0"/>
  <testcase classname="ru.sfedu.hospital2.lab3.MappedSuperClass.HibernateDataProviderTest" name="testDeletePatient" time="0.015"/>
  <testcase classname="ru.sfedu.hospital2.lab3.MappedSuperClass.HibernateDataProviderTest" name="testDeletePayment" time="0.955"/>
  <testcase classname="ru.sfedu.hospital2.lab3.MappedSuperClass.HibernateDataProviderTest" name="testGetSurveyFail" time="0.088"/>
  <testcase classname="ru.sfedu.hospital2.lab3.MappedSuperClass.HibernateDataProviderTest" name="testGetAppointment" time="0.142"/>
  <testcase classname="ru.sfedu.hospital2.lab3.MappedSuperClass.HibernateDataProviderTest" name="testDeleteHospitalization" time="1.092"/>
  <testcase classname="ru.sfedu.hospital2.lab3.MappedSuperClass.HibernateDataProviderTest" name="testCreateHospitalization" time="0.363"/>
  <testcase classname="ru.sfedu.hospital2.lab3.MappedSuperClass.HibernateDataProviderTest" name="testDeleteSurveyFail" time="0.951"/>
  <testcase classname="ru.sfedu.hospital2.lab3.MappedSuperClass.HibernateDataProviderTest" name="testCreateDiagnosisFail" time="0.172"/>
  <testcase classname="ru.sfedu.hospital2.lab3.MappedSuperClass.HibernateDataProviderTest" name="testGetHospital" time="0"/>
  <testcase classname="ru.sfedu.hospital2.lab3.MappedSuperClass.HibernateDataProviderTest" name="testCreatePaymentFail" time="1.063"/>
  <testcase classname="ru.sfedu.hospital2.lab3.MappedSuperClass.HibernateDataProviderTest" name="testUpdateSurveyFail" time="0.125"/>
  <testcase classname="ru.sfedu.hospital2.lab3.MappedSuperClass.HibernateDataProviderTest" name="testCreateAppointment" time="0.39"/>
  <testcase classname="ru.sfedu.hospital2.lab3.MappedSuperClass.HibernateDataProviderTest" name="testUpdatePatientFail" time="0.063"/>
  <testcase classname="ru.sfedu.hospital2.lab3.MappedSuperClass.HibernateDataProviderTest" name="testDeleteHospitalizationFail" time="0.765"/>
  <testcase classname="ru.sfedu.hospital2.lab3.MappedSuperClass.HibernateDataProviderTest" name="testGetSurvey" time="0.548"/>
  <testcase classname="ru.sfedu.hospital2.lab3.MappedSuperClass.HibernateDataProviderTest" name="testDeleteDiagnosis" time="1.092"/>
  <testcase classname="ru.sfedu.hospital2.lab3.MappedSuperClass.HibernateDataProviderTest" name="testCreateMedicalInsuranceFail" time="0.924"/>
  <testcase classname="ru.sfedu.hospital2.lab3.MappedSuperClass.HibernateDataProviderTest" name="testCreateHospitalizationFail" time="0.25"/>
</testsuite>