<?xml version="1.0" encoding="UTF-8" ?>
<testsuite tests="21" failures="0" name="ru.sfedu.hospital2.lab4.model.HospitalTest" time="12.67" errors="0" skipped="0">
  <properties>
[...]
</properties>
  <testcase classname="ru.sfedu.hospital2.lab4.model.HospitalTest" name="updateMap" time="2.391"/>
  <testcase classname="ru.sfedu.hospital2.lab4.model.HospitalTest" name="updateSet" time="0.781"/>
  <testcase classname="ru.sfedu.hospital2.lab4.model.HospitalTest" name="getSetComp" time="0.25"/>
  <testcase classname="ru.sfedu.hospital2.lab4.model.HospitalTest" name="getMap" time="0.329"/>
  <testcase classname="ru.sfedu.hospital2.lab4.model.HospitalTest" name="getSet" time="0.328"/>
  <testcase classname="ru.sfedu.hospital2.lab4.model.HospitalTest" name="updateMapComp" time="0.652"/>
  <testcase classname="ru.sfedu.hospital2.lab4.model.HospitalTest" name="insertMap" time="0.281"/>
  <testcase classname="ru.sfedu.hospital2.lab4.model.HospitalTest" name="insertSet" time="1.006"/>
  <testcase classname="ru.sfedu.hospital2.lab4.model.HospitalTest" name="deleteMap" time="0.141"/>
  <testcase classname="ru.sfedu.hospital2.lab4.model.HospitalTest" name="deleteSet" time="0.937"/>
  <testcase classname="ru.sfedu.hospital2.lab4.model.HospitalTest" name="updateList" time="0.672"/>
  <testcase classname="ru.sfedu.hospital2.lab4.model.HospitalTest" name="getList" time="0.078"/>
  <testcase classname="ru.sfedu.hospital2.lab4.model.HospitalTest" name="insertMapComp" time="1"/>
  <testcase classname="ru.sfedu.hospital2.lab4.model.HospitalTest" name="updateSetComp" time="0.156"/>
  <testcase classname="ru.sfedu.hospital2.lab4.model.HospitalTest" name="deleteMapComp" time="0.906"/>
  <testcase classname="ru.sfedu.hospital2.lab4.model.HospitalTest" name="insertList" time="0.11"/>
  <testcase classname="ru.sfedu.hospital2.lab4.model.HospitalTest" name="insertSetComp" time="0.565"/>
  <testcase classname="ru.sfedu.hospital2.lab4.model.HospitalTest" name="deleteList" time="0.156"/>
  <testcase classname="ru.sfedu.hospital2.lab4.model.HospitalTest" name="deleteSetComp" time="0.717"/>
  <testcase classname="ru.sfedu.hospital2.lab4.model.HospitalTest" name="getMapComp" time="1.094"/>
  <testcase classname="ru.sfedu.hospital2.lab4.model.HospitalTest" name="deleteHospital" time="0.12"/>
</testsuite>